<?xml version="1.0" encoding="UTF-8"?>
<!-- Generated by org.testng.reporters.JUnitXMLReporter -->
<testsuite ignored="0" hostname="LAPTOP-90724PDM" failures="0" tests="5" name="Surefire test" time="66.298" errors="0" timestamp="2020-12-29T15:37:53 IST">
  <testcase classname="test.test_class" name="homeSearch" time="37.179"/>
  <testcase classname="test.test_class" name="afterSearch" time="4.332"/>
  <testcase classname="test.test_class" name="getCurrent" time="5.125"/>
  <testcase classname="test.test_class" name="getHistory" time="3.832"/>
  <testcase classname="test.test_class" name="setexcel" time="0.855"/>
</testsuite> <!-- Surefire test -->
