<?xml version="1.0" encoding="UTF-8"?>
<!-- Generated by org.testng.reporters.JUnitXMLReporter -->
<testsuite ignored="0" hostname="LAPTOP-90724PDM" failures="0" tests="5" name="Default test" time="65.758" errors="0" timestamp="2020-12-28T22:56:42 IST">
  <testcase classname="test.test_class" name="homeSearch" time="40.133"/>
  <testcase classname="test.test_class" name="afterSearch" time="1.879"/>
  <testcase classname="test.test_class" name="getCurrent" time="6.479"/>
  <testcase classname="test.test_class" name="getHistory" time="4.166"/>
  <testcase classname="test.test_class" name="setexcel" time="0.567"/>
</testsuite> <!-- Default test -->
