<?xml version="1.0" encoding="UTF-8"?>
<!-- Generated by org.testng.reporters.JUnitXMLReporter -->
<testsuite ignored="0" hostname="LAPTOP-90724PDM" failures="0" tests="5" name="Test" time="70.087" errors="0" timestamp="2020-12-29T12:34:58 IST">
  <testcase classname="test.test_class" name="homeSearch" time="34.922"/>
  <testcase classname="test.test_class" name="afterSearch" time="2.323"/>
  <testcase classname="test.test_class" name="getCurrent" time="5.169"/>
  <testcase classname="test.test_class" name="getHistory" time="3.564"/>
  <testcase classname="test.test_class" name="setexcel" time="1.014"/>
</testsuite> <!-- Test -->
