<?xml version="1.0" encoding="UTF-8"?>
<testng-results ignored="0" total="5" passed="5" failed="0" skipped="0">
  <reporter-output>
  </reporter-output>
  <suite started-at="2020-12-29T15:36:47 IST" name="Surefire suite" finished-at="2020-12-29T15:37:53 IST" duration-ms="66298">
    <groups>
    </groups>
    <test started-at="2020-12-29T15:36:47 IST" name="Surefire test" finished-at="2020-12-29T15:37:53 IST" duration-ms="66298">
      <class name="test.test_class">
        <test-method is-config="true" signature="browserlaunch()[pri:0, instance:test.test_class@1dd92fe2]" started-at="2020-12-29T15:36:47 IST" name="browserlaunch" finished-at="2020-12-29T15:36:58 IST" duration-ms="11215" status="PASS">
          <reporter-output>
          </reporter-output>
        </test-method> <!-- browserlaunch -->
        <test-method signature="homeSearch()[pri:1, instance:test.test_class@1dd92fe2]" started-at="2020-12-29T15:36:58 IST" name="homeSearch" finished-at="2020-12-29T15:37:35 IST" duration-ms="37179" status="PASS">
          <reporter-output>
          </reporter-output>
        </test-method> <!-- homeSearch -->
        <test-method is-config="true" signature="screenshot(org.testng.ITestResult)[pri:0, instance:test.test_class@1dd92fe2]" started-at="2020-12-29T15:37:35 IST" name="screenshot" finished-at="2020-12-29T15:37:36 IST" duration-ms="974" status="PASS">
          <params>
            <param index="0">
              <value>
                <![CDATA[[TestResult name=homeSearch status=SUCCESS method=test_class.homeSearch()[pri:1, instance:test.test_class@1dd92fe2] output={null}]]]>
              </value>
            </param>
          </params>
          <reporter-output>
          </reporter-output>
        </test-method> <!-- screenshot -->
        <test-method signature="afterSearch()[pri:2, instance:test.test_class@1dd92fe2]" started-at="2020-12-29T15:37:36 IST" name="afterSearch" finished-at="2020-12-29T15:37:41 IST" duration-ms="4332" status="PASS">
          <reporter-output>
          </reporter-output>
        </test-method> <!-- afterSearch -->
        <test-method is-config="true" signature="screenshot(org.testng.ITestResult)[pri:0, instance:test.test_class@1dd92fe2]" started-at="2020-12-29T15:37:41 IST" name="screenshot" finished-at="2020-12-29T15:37:41 IST" duration-ms="617" status="PASS">
          <params>
            <param index="0">
              <value>
                <![CDATA[[TestResult name=afterSearch status=SUCCESS method=test_class.afterSearch()[pri:2, instance:test.test_class@1dd92fe2] output={null}]]]>
              </value>
            </param>
          </params>
          <reporter-output>
          </reporter-output>
        </test-method> <!-- screenshot -->
        <test-method signature="getCurrent()[pri:3, instance:test.test_class@1dd92fe2]" started-at="2020-12-29T15:37:41 IST" name="getCurrent" finished-at="2020-12-29T15:37:46 IST" duration-ms="5125" status="PASS">
          <reporter-output>
          </reporter-output>
        </test-method> <!-- getCurrent -->
        <test-method is-config="true" signature="screenshot(org.testng.ITestResult)[pri:0, instance:test.test_class@1dd92fe2]" started-at="2020-12-29T15:37:46 IST" name="screenshot" finished-at="2020-12-29T15:37:47 IST" duration-ms="351" status="PASS">
          <params>
            <param index="0">
              <value>
                <![CDATA[[TestResult name=getCurrent status=SUCCESS method=test_class.getCurrent()[pri:3, instance:test.test_class@1dd92fe2] output={null}]]]>
              </value>
            </param>
          </params>
          <reporter-output>
          </reporter-output>
        </test-method> <!-- screenshot -->
        <test-method signature="getHistory()[pri:4, instance:test.test_class@1dd92fe2]" started-at="2020-12-29T15:37:47 IST" name="getHistory" finished-at="2020-12-29T15:37:50 IST" duration-ms="3832" status="PASS">
          <reporter-output>
          </reporter-output>
        </test-method> <!-- getHistory -->
        <test-method is-config="true" signature="screenshot(org.testng.ITestResult)[pri:0, instance:test.test_class@1dd92fe2]" started-at="2020-12-29T15:37:50 IST" name="screenshot" finished-at="2020-12-29T15:37:51 IST" duration-ms="361" status="PASS">
          <params>
            <param index="0">
              <value>
                <![CDATA[[TestResult name=getHistory status=SUCCESS method=test_class.getHistory()[pri:4, instance:test.test_class@1dd92fe2] output={null}]]]>
              </value>
            </param>
          </params>
          <reporter-output>
          </reporter-output>
        </test-method> <!-- screenshot -->
        <test-method signature="setexcel()[pri:5, instance:test.test_class@1dd92fe2]" started-at="2020-12-29T15:37:51 IST" name="setexcel" finished-at="2020-12-29T15:37:52 IST" duration-ms="855" status="PASS">
          <reporter-output>
          </reporter-output>
        </test-method> <!-- setexcel -->
        <test-method is-config="true" signature="screenshot(org.testng.ITestResult)[pri:0, instance:test.test_class@1dd92fe2]" started-at="2020-12-29T15:37:52 IST" name="screenshot" finished-at="2020-12-29T15:37:52 IST" duration-ms="405" status="PASS">
          <params>
            <param index="0">
              <value>
                <![CDATA[[TestResult name=setexcel status=SUCCESS method=test_class.setexcel()[pri:5, instance:test.test_class@1dd92fe2] output={null}]]]>
              </value>
            </param>
          </params>
          <reporter-output>
          </reporter-output>
        </test-method> <!-- screenshot -->
        <test-method is-config="true" signature="closeBrowser()[pri:0, instance:test.test_class@1dd92fe2]" started-at="2020-12-29T15:37:52 IST" name="closeBrowser" finished-at="2020-12-29T15:37:53 IST" duration-ms="969" status="PASS">
          <reporter-output>
          </reporter-output>
        </test-method> <!-- closeBrowser -->
      </class> <!-- test.test_class -->
    </test> <!-- Surefire test -->
  </suite> <!-- Surefire suite -->
</testng-results>
