<?xml version="1.0" encoding="UTF-8"?>
<testsuite xmlns:xsi="http://www.w3.org/2001/XMLSchema-instance" xsi:noNamespaceSchemaLocation="https://maven.apache.org/surefire/maven-surefire-plugin/xsd/surefire-test-report.xsd" name="test.test_class" time="67.674" tests="5" errors="0" skipped="0" failures="0">
  <properties>
[...]
</properties>
  <testcase name="homeSearch" classname="test.test_class" time="37.176"/>
  <testcase name="afterSearch" classname="test.test_class" time="4.335"/>
  <testcase name="getCurrent" classname="test.test_class" time="5.171"/>
  <testcase name="getHistory" classname="test.test_class" time="4.075"/>
  <testcase name="setexcel" classname="test.test_class" time="0.855"/>
</testsuite>